<?xml version="1.0" encoding="UTF-8"?>
<!-- Generated by org.testng.reporters.JUnitXMLReporter -->
<testsuite ignored="0" hostname="DESKTOP-R532ATR" failures="0" tests="4" name="Automation Tests" time="8.506" errors="0" timestamp="2026-05-12T18:39:18 IST">
  <testcase classname="com.automation.tests.SampleTest" name="testGoogleHomePage" time="0.118"/>
  <testcase classname="com.automation.tests.SampleTest" name="testPageTitle" time="0.014"/>
  <testcase classname="com.automation.tests.SampleTest" name="testCurrentURL" time="0.013"/>
  <testcase classname="com.automation.tests.SampleTest" name="testSearchBox" time="0.126"/>
</testsuite> <!-- Automation Tests -->
