<?xml version="1.0" encoding="UTF-8"?>
<testng-results ignored="0" total="4" passed="4" failed="0" skipped="0">
  <reporter-output>
  </reporter-output>
  <suite started-at="2026-05-12T18:39:09 IST" name="Test Automation Framework Suite" finished-at="2026-05-12T18:39:18 IST" duration-ms="8506">
    <groups>
    </groups>
    <test started-at="2026-05-12T18:39:09 IST" name="Automation Tests" finished-at="2026-05-12T18:39:18 IST" duration-ms="8506">
      <class name="com.automation.tests.SampleTest">
        <test-method is-config="true" signature="setUp()[pri:0, instance:com.automation.tests.SampleTest@561868a0]" started-at="2026-05-12T18:39:09 IST" name="setUp" finished-at="2026-05-12T18:39:12 IST" duration-ms="2561" status="PASS">
          <reporter-output>
          </reporter-output>
        </test-method> <!-- setUp -->
        <test-method signature="testGoogleHomePage()[pri:1, instance:com.automation.tests.SampleTest@561868a0]" started-at="2026-05-12T18:39:12 IST" name="testGoogleHomePage" description="Verify Google homepage is loaded" finished-at="2026-05-12T18:39:12 IST" duration-ms="118" status="PASS">
          <reporter-output>
          </reporter-output>
        </test-method> <!-- testGoogleHomePage -->
        <test-method is-config="true" signature="tearDown()[pri:0, instance:com.automation.tests.SampleTest@561868a0]" started-at="2026-05-12T18:39:12 IST" name="tearDown" finished-at="2026-05-12T18:39:12 IST" duration-ms="170" status="PASS">
          <reporter-output>
          </reporter-output>
        </test-method> <!-- tearDown -->
        <test-method is-config="true" signature="setUp()[pri:0, instance:com.automation.tests.SampleTest@561868a0]" started-at="2026-05-12T18:39:12 IST" name="setUp" finished-at="2026-05-12T18:39:13 IST" duration-ms="1539" status="PASS">
          <reporter-output>
          </reporter-output>
        </test-method> <!-- setUp -->
        <test-method signature="testPageTitle()[pri:2, instance:com.automation.tests.SampleTest@561868a0]" started-at="2026-05-12T18:39:13 IST" name="testPageTitle" description="Verify Google page title" finished-at="2026-05-12T18:39:13 IST" duration-ms="14" status="PASS">
          <reporter-output>
          </reporter-output>
        </test-method> <!-- testPageTitle -->
        <test-method is-config="true" signature="tearDown()[pri:0, instance:com.automation.tests.SampleTest@561868a0]" started-at="2026-05-12T18:39:13 IST" name="tearDown" finished-at="2026-05-12T18:39:14 IST" duration-ms="207" status="PASS">
          <reporter-output>
          </reporter-output>
        </test-method> <!-- tearDown -->
        <test-method is-config="true" signature="setUp()[pri:0, instance:com.automation.tests.SampleTest@561868a0]" started-at="2026-05-12T18:39:14 IST" name="setUp" finished-at="2026-05-12T18:39:15 IST" duration-ms="1574" status="PASS">
          <reporter-output>
          </reporter-output>
        </test-method> <!-- setUp -->
        <test-method signature="testCurrentURL()[pri:3, instance:com.automation.tests.SampleTest@561868a0]" started-at="2026-05-12T18:39:15 IST" name="testCurrentURL" description="Verify current URL" finished-at="2026-05-12T18:39:15 IST" duration-ms="13" status="PASS">
          <reporter-output>
          </reporter-output>
        </test-method> <!-- testCurrentURL -->
        <test-method is-config="true" signature="tearDown()[pri:0, instance:com.automation.tests.SampleTest@561868a0]" started-at="2026-05-12T18:39:15 IST" name="tearDown" finished-at="2026-05-12T18:39:15 IST" duration-ms="139" status="PASS">
          <reporter-output>
          </reporter-output>
        </test-method> <!-- tearDown -->
        <test-method is-config="true" signature="setUp()[pri:0, instance:com.automation.tests.SampleTest@561868a0]" started-at="2026-05-12T18:39:15 IST" name="setUp" finished-at="2026-05-12T18:39:17 IST" duration-ms="1882" status="PASS">
          <reporter-output>
          </reporter-output>
        </test-method> <!-- setUp -->
        <test-method signature="testSearchBox()[pri:4, instance:com.automation.tests.SampleTest@561868a0]" started-at="2026-05-12T18:39:17 IST" name="testSearchBox" description="Verify search box is present" finished-at="2026-05-12T18:39:17 IST" duration-ms="126" status="PASS">
          <reporter-output>
          </reporter-output>
        </test-method> <!-- testSearchBox -->
        <test-method is-config="true" signature="tearDown()[pri:0, instance:com.automation.tests.SampleTest@561868a0]" started-at="2026-05-12T18:39:17 IST" name="tearDown" finished-at="2026-05-12T18:39:18 IST" duration-ms="134" status="PASS">
          <reporter-output>
          </reporter-output>
        </test-method> <!-- tearDown -->
      </class> <!-- com.automation.tests.SampleTest -->
    </test> <!-- Automation Tests -->
  </suite> <!-- Test Automation Framework Suite -->
</testng-results>
