<?xml version="1.0" encoding="UTF-8"?>
<!-- Generated by org.testng.reporters.JUnitReportReporter -->
<testsuite hostname="DESKTOP-R532ATR" failures="0" tests="4" name="com.automation.tests.SampleTest" time="8.477" errors="0" timestamp="2026-05-12T18:39:18 IST" skipped="0">
  <testcase classname="com.automation.tests.SampleTest" name="testGoogleHomePage" time="1.827"/>
  <system-out/>
  <testcase classname="com.automation.tests.SampleTest" name="testPageTitle" time="1.727"/>
  <system-out/>
  <testcase classname="com.automation.tests.SampleTest" name="testCurrentURL" time="2.029"/>
  <system-out/>
  <testcase classname="com.automation.tests.SampleTest" name="testSearchBox" time="2.894"/>
  <system-out/>
</testsuite> <!-- com.automation.tests.SampleTest -->
